16:58:02: Creating resource group General
16:58:02: Creating resource group OgreInternal
16:58:02: Creating resource group OgreAutodetect
16:58:02: SceneManagerFactory for type 'DefaultSceneManager' registered.
16:58:02: Registering ResourceManager for type Material
16:58:02: Registering ResourceManager for type Mesh
16:58:02: Registering ResourceManager for type Skeleton
16:58:02: MovableObjectFactory for type 'ParticleSystem' registered.
16:58:02: ArchiveFactory for type 'FileSystem' registered
16:58:02: ArchiveFactory for type 'Zip' registered
16:58:02: ArchiveFactory for type 'EmbeddedZip' registered
16:58:02: DDS codec registering
16:58:02: ETC codec registering
16:58:02: ASTC codec registering
16:58:02: Registering ResourceManager for type GpuProgram
16:58:02: Registering ResourceManager for type Compositor
16:58:02: MovableObjectFactory for type 'Entity' registered.
16:58:02: MovableObjectFactory for type 'Light' registered.
16:58:02: MovableObjectFactory for type 'BillboardSet' registered.
16:58:02: MovableObjectFactory for type 'ManualObject' registered.
16:58:02: MovableObjectFactory for type 'BillboardChain' registered.
16:58:02: MovableObjectFactory for type 'RibbonTrail' registered.
16:58:02: MovableObjectFactory for type 'StaticGeometry' registered.
16:58:02: MovableObjectFactory for type 'Rectangle2D' registered.
16:58:02: Loading library C:\Users\rodoc\HOME\developpement\visual\vcpkg\packages\ogre_x64-windows\debug\plugins\ogre\RenderSystem_GL_d.dll
16:58:02: Installing plugin: GL RenderSystem
16:58:02: OpenGL Rendering Subsystem created.
16:58:02: Plugin successfully installed
16:58:02: Loading library C:\Users\rodoc\HOME\developpement\visual\vcpkg\packages\ogre_x64-windows\debug\plugins\ogre\RenderSystem_GL3Plus_d.dll
16:58:02: Installing plugin: GL 3+ RenderSystem
16:58:02: OpenGL 3+ Rendering Subsystem created.
16:58:02: Plugin successfully installed
16:58:02: Loading library C:\Users\rodoc\HOME\developpement\visual\vcpkg\packages\ogre_x64-windows\debug\plugins\ogre\Plugin_ParticleFX_d.dll
16:58:02: Installing plugin: ParticleFX
16:58:02: Particle Emitter Type 'Point' registered
16:58:02: Particle Emitter Type 'Box' registered
16:58:02: Particle Emitter Type 'Ellipsoid' registered
16:58:02: Particle Emitter Type 'Cylinder' registered
16:58:02: Particle Emitter Type 'Ring' registered
16:58:02: Particle Emitter Type 'HollowEllipsoid' registered
16:58:02: Particle Affector Type 'LinearForce' registered
16:58:02: Particle Affector Type 'ColourFader' registered
16:58:02: Particle Affector Type 'ColourFader2' registered
16:58:02: Particle Affector Type 'ColourImage' registered
16:58:02: Particle Affector Type 'ColourInterpolator' registered
16:58:02: Particle Affector Type 'Scaler' registered
16:58:02: Particle Affector Type 'Rotator' registered
16:58:02: Particle Affector Type 'DirectionRandomiser' registered
16:58:02: Particle Affector Type 'DeflectorPlane' registered
16:58:02: Particle Affector Type 'TextureAnimator' registered
16:58:02: Plugin successfully installed
16:58:02: Loading library C:\Users\rodoc\HOME\developpement\visual\vcpkg\packages\ogre_x64-windows\debug\plugins\ogre\Plugin_BSPSceneManager_d.dll
16:58:02: Installing plugin: BSP Scene Manager
16:58:02: Plugin successfully installed
16:58:02: Loading library C:\Users\rodoc\HOME\developpement\visual\vcpkg\packages\ogre_x64-windows\debug\plugins\ogre\Codec_STBI_d.dll
16:58:02: stb_image - public domain image loader
16:58:02: Supported formats: jpeg,jpg,png,bmp,psd,tga,gif,pic,ppm,pgm,hdr
16:58:02: Loading library C:\Users\rodoc\HOME\developpement\visual\vcpkg\packages\ogre_x64-windows\debug\plugins\ogre\Plugin_PCZSceneManager_d.dll
16:58:02: Installing plugin: Portal Connected Zone Scene Manager
16:58:02: PCZone Factory Type 'ZoneType_Default' registered
16:58:02: Plugin successfully installed
16:58:02: Loading library C:\Users\rodoc\HOME\developpement\visual\vcpkg\packages\ogre_x64-windows\debug\plugins\ogre\Plugin_OctreeZone_d.dll
16:58:02: Installing plugin: Octree Zone Factory
16:58:02: Plugin successfully installed
16:58:02: Loading library C:\Users\rodoc\HOME\developpement\visual\vcpkg\packages\ogre_x64-windows\debug\plugins\ogre\Plugin_OctreeSceneManager_d.dll
16:58:02: Installing plugin: Octree Scene Manager
16:58:02: Plugin successfully installed
16:58:02: *-*-* OGRE Initialising
16:58:02: *-*-* Version 14.0.1 (Tsathoggua)
16:58:02: OverlayElementFactory for type Panel registered.
16:58:02: OverlayElementFactory for type BorderPanel registered.
16:58:02: OverlayElementFactory for type TextArea registered.
16:58:02: Registering ResourceManager for type Font
16:58:02: CPU Identifier & Features
16:58:02: -------------------------
16:58:02:  *   CPU ID: GenuineIntel: Intel(R) Core(TM) i5-1035G7 CPU @ 1.20GHz
16:58:02:  *          SSE: yes
16:58:02:  *         SSE2: yes
16:58:02:  *         SSE3: yes
16:58:02:  *        SSE41: yes
16:58:02:  *        SSE42: yes
16:58:02:  *          MMX: yes
16:58:02:  *       MMXEXT: yes
16:58:02:  *        3DNOW: no
16:58:02:  *     3DNOWEXT: no
16:58:02:  *         CMOV: yes
16:58:02:  *          TSC: yes
16:58:02:  *INVARIANT TSC: yes
16:58:02:  *          FPU: yes
16:58:02:  *          PRO: yes
16:58:02:  *           HT: no
16:58:02: -------------------------
16:58:02: *** Starting Win32GL Subsystem ***
16:58:03: RenderSystem::_createRenderWindow "Ogre-Bullet", 1366x768 windowed  miscParams: FSAA=8 colourDepth= displayFrequency=N/A externalWindowHandle=3280264 gamma=No sdlwin=2501171381744 vsync=Yes vsyncInterval=1 
16:58:03: Supported WGL extensions: WGL_EXT_depth_float WGL_ARB_buffer_region WGL_ARB_extensions_string WGL_ARB_make_current_read WGL_ARB_pixel_format WGL_ARB_pbuffer WGL_EXT_extensions_string WGL_EXT_swap_control WGL_ARB_multisample WGL_ARB_pixel_format_float WGL_ARB_framebuffer_sRGB WGL_ARB_create_context WGL_ARB_create_context_profile WGL_EXT_pixel_format_packed_float WGL_EXT_create_context_es_profile WGL_EXT_create_context_es2_profile WGL_NV_DX_interop WGL_NV_DX_interop2 WGL_ARB_robustness_application_isolation WGL_ARB_robustness_share_group_isolation WGL_ARB_create_context_robustness WGL_ARB_context_flush_control 
16:58:03: GL_VERSION = 4.6.0.0
16:58:03: GL_VENDOR = Intel
16:58:03: GL_RENDERER = Intel(R) Iris(R) Plus Graphics
16:58:03: GL_EXTENSIONS = GL_3DFX_texture_compression_FXT1 GL_AMD_depth_clamp_separate GL_AMD_vertex_shader_layer GL_AMD_vertex_shader_viewport_index GL_ARB_ES2_compatibility GL_ARB_ES3_1_compatibility GL_ARB_ES3_compatibility GL_ARB_arrays_of_arrays GL_ARB_base_instance GL_ARB_bindless_texture GL_ARB_blend_func_extended GL_ARB_buffer_storage GL_ARB_cl_event GL_ARB_clear_buffer_object GL_ARB_clear_texture GL_ARB_clip_control GL_ARB_color_buffer_float GL_ARB_compressed_texture_pixel_storage GL_ARB_compute_shader GL_ARB_conditional_render_inverted GL_ARB_conservative_depth GL_ARB_copy_buffer GL_ARB_copy_image GL_ARB_cull_distance GL_ARB_debug_output GL_ARB_depth_buffer_float GL_ARB_depth_clamp GL_ARB_depth_texture GL_ARB_derivative_control GL_ARB_direct_state_access GL_ARB_draw_buffers GL_ARB_draw_buffers_blend GL_ARB_draw_elements_base_vertex GL_ARB_draw_indirect GL_ARB_draw_instanced GL_ARB_enhanced_layouts GL_ARB_explicit_attrib_location GL_ARB_explicit_uniform_location GL_ARB_fragment_coord_conventions GL_ARB_fragment_layer_viewport GL_ARB_fragment_program GL_ARB_fragment_program_shadow GL_ARB_fragment_shader GL_ARB_fragment_shader_interlock GL_ARB_framebuffer_no_attachments GL_ARB_framebuffer_object GL_ARB_framebuffer_sRGB GL_ARB_geometry_shader4 GL_ARB_get_program_binary GL_ARB_get_texture_sub_image GL_ARB_gl_spirv GL_ARB_gpu_shader5 GL_ARB_gpu_shader_fp64 GL_ARB_half_float_pixel GL_ARB_half_float_vertex GL_ARB_indirect_parameters GL_ARB_instanced_arrays GL_ARB_internalformat_query GL_ARB_internalformat_query2 GL_ARB_invalidate_subdata GL_ARB_map_buffer_alignment GL_ARB_map_buffer_range GL_ARB_multi_bind GL_ARB_multi_draw_indirect GL_ARB_multisample GL_ARB_multitexture GL_ARB_occlusion_query GL_ARB_occlusion_query2 GL_ARB_pipeline_statistics_query GL_ARB_pixel_buffer_object GL_ARB_point_parameters GL_ARB_point_sprite GL_ARB_polygon_offset_clamp GL_ARB_post_depth_coverage GL_ARB_program_interface_query GL_ARB_provoking_vertex GL_ARB_query_buffer_object GL_ARB_robust_buffer_access_behavior GL_ARB_robustness GL_ARB_robustness_isolation GL_ARB_sample_shading GL_ARB_sampler_objects GL_ARB_seamless_cube_map GL_ARB_seamless_cubemap_per_texture GL_ARB_separate_shader_objects GL_ARB_shader_atomic_counter_ops GL_ARB_shader_atomic_counters GL_ARB_shader_bit_encoding GL_ARB_shader_draw_parameters GL_ARB_shader_group_vote GL_ARB_shader_image_load_store GL_ARB_shader_image_size GL_ARB_shader_objects GL_ARB_shader_precision GL_ARB_shader_stencil_export GL_ARB_shader_storage_buffer_object GL_ARB_shader_subroutine GL_ARB_shader_texture_image_samples GL_ARB_shading_language_100 GL_ARB_shading_language_420pack GL_ARB_shading_language_packing GL_ARB_shadow GL_ARB_spirv_extensions GL_ARB_stencil_texturing GL_ARB_sync GL_ARB_tessellation_shader GL_ARB_texture_barrier GL_ARB_texture_border_clamp GL_ARB_texture_buffer_object GL_ARB_texture_buffer_object_rgb32 GL_ARB_texture_buffer_range GL_ARB_texture_compression GL_ARB_texture_compression_bptc GL_ARB_texture_compression_rgtc GL_ARB_texture_cube_map GL_ARB_texture_cube_map_array GL_ARB_texture_env_add GL_ARB_texture_env_combine GL_ARB_texture_env_crossbar GL_ARB_texture_env_dot3 GL_ARB_texture_filter_anisotropic GL_ARB_texture_float GL_ARB_texture_gather GL_ARB_texture_mirror_clamp_to_edge GL_ARB_texture_mirrored_repeat GL_ARB_texture_multisample GL_ARB_texture_non_power_of_two GL_ARB_texture_query_levels GL_ARB_texture_query_lod GL_ARB_texture_rectangle GL_ARB_texture_rg GL_ARB_texture_rgb10_a2ui GL_ARB_texture_stencil8 GL_ARB_texture_storage GL_ARB_texture_storage_multisample GL_ARB_texture_swizzle GL_ARB_texture_view GL_ARB_timer_query GL_ARB_transform_feedback2 GL_ARB_transform_feedback3 GL_ARB_transform_feedback_instanced GL_ARB_transform_feedback_overflow_query GL_ARB_transpose_matrix GL_ARB_uniform_buffer_object GL_ARB_vertex_array_bgra GL_ARB_vertex_array_object GL_ARB_vertex_attrib_64bit GL_ARB_vertex_attrib_binding GL_ARB_vertex_buffer_object GL_ARB_vertex_program GL_ARB_vertex_shader GL_ARB_vertex_type_10f_11f_11f_rev GL_ARB_vertex_type_2_10_10_10_rev GL_ARB_viewport_array GL_ARB_window_pos GL_ATI_separate_stencil GL_EXT_abgr GL_EXT_bgra GL_EXT_blend_color GL_EXT_blend_equation_separate GL_EXT_blend_func_separate GL_EXT_blend_minmax GL_EXT_blend_subtract GL_EXT_clip_volume_hint GL_EXT_compiled_vertex_array GL_EXT_direct_state_access GL_EXT_draw_buffers2 GL_EXT_draw_range_elements GL_EXT_fog_coord GL_EXT_framebuffer_blit GL_EXT_framebuffer_multisample GL_EXT_framebuffer_object GL_EXT_geometry_shader4 GL_EXT_gpu_program_parameters GL_EXT_gpu_shader4 GL_EXT_memory_object GL_EXT_memory_object_win32 GL_EXT_multi_draw_arrays GL_EXT_packed_depth_stencil GL_EXT_packed_float GL_EXT_packed_pixels GL_EXT_polygon_offset_clamp GL_EXT_rescale_normal GL_EXT_secondary_color GL_EXT_semaphore GL_EXT_semaphore_win32 GL_EXT_separate_specular_color GL_EXT_shader_framebuffer_fetch GL_EXT_shader_integer_mix GL_EXT_shadow_funcs GL_EXT_stencil_two_side GL_EXT_stencil_wrap GL_EXT_texture3D GL_EXT_texture_array GL_EXT_texture_compression_s3tc GL_EXT_texture_edge_clamp GL_EXT_texture_env_add GL_EXT_texture_env_combine GL_EXT_texture_filter_anisotropic GL_EXT_texture_integer GL_EXT_texture_lod_bias GL_EXT_texture_rectangle GL_EXT_texture_sRGB GL_EXT_texture_sRGB_decode GL_EXT_texture_shared_exponent GL_EXT_texture_snorm GL_EXT_texture_storage GL_EXT_texture_swizzle GL_EXT_timer_query GL_EXT_transform_feedback GL_IBM_texture_mirrored_repeat GL_INTEL_coarse_fragment_shader GL_INTEL_conservative_rasterization GL_INTEL_fragment_shader_ordering GL_INTEL_framebuffer_CMAA GL_INTEL_map_texture GL_INTEL_multi_rate_fragment_shader GL_INTEL_performance_query GL_KHR_blend_equation_advanced GL_KHR_blend_equation_advanced_coherent GL_KHR_context_flush_control GL_KHR_debug GL_KHR_no_error GL_KHR_shader_subgroup GL_KHR_shader_subgroup_arithmetic GL_KHR_shader_subgroup_ballot GL_KHR_shader_subgroup_basic GL_KHR_shader_subgroup_clustered GL_KHR_shader_subgroup_quad GL_KHR_shader_subgroup_shuffle GL_KHR_shader_subgroup_shuffle_relative GL_KHR_shader_subgroup_vote GL_KHR_texture_compression_astc_ldr GL_NV_blend_square GL_NV_conditional_render GL_NV_primitive_restart GL_NV_texgen_reflection GL_SGIS_generate_mipmap GL_SGIS_texture_edge_clamp GL_SGIS_texture_lod GL_SUN_multi_draw_arrays GL_WIN_swap_hint WGL_EXT_swap_control 
16:58:03: **************************************
16:58:03: ***   OpenGL 3+ Renderer Started   ***
16:58:03: **************************************
16:58:03: FBO PF_UNKNOWN depth/stencil support: D0S0 D0S1 D0S4 D0S8 D0S16 D16S0 D16S1 D16S4 D16S8 D16S16 D24S0 D24S1 D24S4 D24S8 D24S16 D32S0 D32S1 D32S4 D32S8 D32S16 D32S0 D32S1 D32S4 D32S8 D32S16 Packed-D24S8 Packed-D32S8 
16:58:03: FBO PF_L8 depth/stencil support: D0S0 D0S1 D0S4 D0S8 D0S16 D16S0 D16S1 D16S4 D16S8 D16S16 D24S0 D24S1 D24S4 D24S8 D24S16 D32S0 D32S1 D32S4 D32S8 D32S16 D32S0 D32S1 D32S4 D32S8 D32S16 Packed-D24S8 Packed-D32S8 
16:58:03: FBO PF_L16 depth/stencil support: D0S0 D0S1 D0S4 D0S8 D0S16 D16S0 D16S1 D16S4 D16S8 D16S16 D24S0 D24S1 D24S4 D24S8 D24S16 D32S0 D32S1 D32S4 D32S8 D32S16 D32S0 D32S1 D32S4 D32S8 D32S16 Packed-D24S8 Packed-D32S8 
16:58:03: FBO PF_A8 depth/stencil support: D0S0 D0S1 D0S4 D0S8 D0S16 D16S0 D16S1 D16S4 D16S8 D16S16 D24S0 D24S1 D24S4 D24S8 D24S16 D32S0 D32S1 D32S4 D32S8 D32S16 D32S0 D32S1 D32S4 D32S8 D32S16 Packed-D24S8 Packed-D32S8 
16:58:03: FBO PF_BYTE_LA depth/stencil support: D0S0 D0S1 D0S4 D0S8 D0S16 D16S0 D16S1 D16S4 D16S8 D16S16 D24S0 D24S1 D24S4 D24S8 D24S16 D32S0 D32S1 D32S4 D32S8 D32S16 D32S0 D32S1 D32S4 D32S8 D32S16 Packed-D24S8 Packed-D32S8 
16:58:03: FBO PF_R5G6B5 depth/stencil support: D0S0 D0S1 D0S4 D0S8 D0S16 D16S0 D16S1 D16S4 D16S8 D16S16 D24S0 D24S1 D24S4 D24S8 D24S16 D32S0 D32S1 D32S4 D32S8 D32S16 D32S0 D32S1 D32S4 D32S8 D32S16 Packed-D24S8 Packed-D32S8 
16:58:03: FBO PF_B5G6R5 depth/stencil support: D0S0 D0S1 D0S4 D0S8 D0S16 D16S0 D16S1 D16S4 D16S8 D16S16 D24S0 D24S1 D24S4 D24S8 D24S16 D32S0 D32S1 D32S4 D32S8 D32S16 D32S0 D32S1 D32S4 D32S8 D32S16 Packed-D24S8 Packed-D32S8 
16:58:03: FBO PF_A4R4G4B4 depth/stencil support: D0S0 D0S1 D0S4 D0S8 D0S16 D16S0 D16S1 D16S4 D16S8 D16S16 D24S0 D24S1 D24S4 D24S8 D24S16 D32S0 D32S1 D32S4 D32S8 D32S16 D32S0 D32S1 D32S4 D32S8 D32S16 Packed-D24S8 Packed-D32S8 
16:58:03: FBO PF_A1R5G5B5 depth/stencil support: D0S0 D0S1 D0S4 D0S8 D0S16 D16S0 D16S1 D16S4 D16S8 D16S16 D24S0 D24S1 D24S4 D24S8 D24S16 D32S0 D32S1 D32S4 D32S8 D32S16 D32S0 D32S1 D32S4 D32S8 D32S16 Packed-D24S8 Packed-D32S8 
16:58:03: FBO PF_R8G8B8 depth/stencil support: D0S0 D0S1 D0S4 D0S8 D0S16 D16S0 D16S1 D16S4 D16S8 D16S16 D24S0 D24S1 D24S4 D24S8 D24S16 D32S0 D32S1 D32S4 D32S8 D32S16 D32S0 D32S1 D32S4 D32S8 D32S16 Packed-D24S8 Packed-D32S8 
16:58:03: FBO PF_B8G8R8 depth/stencil support: D0S0 D0S1 D0S4 D0S8 D0S16 D16S0 D16S1 D16S4 D16S8 D16S16 D24S0 D24S1 D24S4 D24S8 D24S16 D32S0 D32S1 D32S4 D32S8 D32S16 D32S0 D32S1 D32S4 D32S8 D32S16 Packed-D24S8 Packed-D32S8 
16:58:03: FBO PF_A8R8G8B8 depth/stencil support: D0S0 D0S1 D0S4 D0S8 D0S16 D16S0 D16S1 D16S4 D16S8 D16S16 D24S0 D24S1 D24S4 D24S8 D24S16 D32S0 D32S1 D32S4 D32S8 D32S16 D32S0 D32S1 D32S4 D32S8 D32S16 Packed-D24S8 Packed-D32S8 
16:58:03: FBO PF_A8B8G8R8 depth/stencil support: D0S0 D0S1 D0S4 D0S8 D0S16 D16S0 D16S1 D16S4 D16S8 D16S16 D24S0 D24S1 D24S4 D24S8 D24S16 D32S0 D32S1 D32S4 D32S8 D32S16 D32S0 D32S1 D32S4 D32S8 D32S16 Packed-D24S8 Packed-D32S8 
16:58:03: FBO PF_B8G8R8A8 depth/stencil support: D0S0 D0S1 D0S4 D0S8 D0S16 D16S0 D16S1 D16S4 D16S8 D16S16 D24S0 D24S1 D24S4 D24S8 D24S16 D32S0 D32S1 D32S4 D32S8 D32S16 D32S0 D32S1 D32S4 D32S8 D32S16 Packed-D24S8 Packed-D32S8 
16:58:03: FBO PF_A2R10G10B10 depth/stencil support: D0S0 D0S1 D0S4 D0S8 D0S16 D16S0 D16S1 D16S4 D16S8 D16S16 D24S0 D24S1 D24S4 D24S8 D24S16 D32S0 D32S1 D32S4 D32S8 D32S16 D32S0 D32S1 D32S4 D32S8 D32S16 Packed-D24S8 Packed-D32S8 
16:58:03: FBO PF_A2B10G10R10 depth/stencil support: D0S0 D0S1 D0S4 D0S8 D0S16 D16S0 D16S1 D16S4 D16S8 D16S16 D24S0 D24S1 D24S4 D24S8 D24S16 D32S0 D32S1 D32S4 D32S8 D32S16 D32S0 D32S1 D32S4 D32S8 D32S16 Packed-D24S8 Packed-D32S8 
16:58:03: FBO PF_FLOAT16_RGB depth/stencil support: D0S0 D0S1 D0S4 D0S8 D0S16 D16S0 D16S1 D16S4 D16S8 D16S16 D24S0 D24S1 D24S4 D24S8 D24S16 D32S0 D32S1 D32S4 D32S8 D32S16 D32S0 D32S1 D32S4 D32S8 D32S16 Packed-D24S8 Packed-D32S8 
16:58:03: FBO PF_FLOAT16_RGBA depth/stencil support: D0S0 D0S1 D0S4 D0S8 D0S16 D16S0 D16S1 D16S4 D16S8 D16S16 D24S0 D24S1 D24S4 D24S8 D24S16 D32S0 D32S1 D32S4 D32S8 D32S16 D32S0 D32S1 D32S4 D32S8 D32S16 Packed-D24S8 Packed-D32S8 
16:58:03: FBO PF_FLOAT32_RGB depth/stencil support: D0S0 D0S1 D0S4 D0S8 D0S16 D16S0 D16S1 D16S4 D16S8 D16S16 D24S0 D24S1 D24S4 D24S8 D24S16 D32S0 D32S1 D32S4 D32S8 D32S16 D32S0 D32S1 D32S4 D32S8 D32S16 Packed-D24S8 Packed-D32S8 
16:58:03: FBO PF_FLOAT32_RGBA depth/stencil support: D0S0 D0S1 D0S4 D0S8 D0S16 D16S0 D16S1 D16S4 D16S8 D16S16 D24S0 D24S1 D24S4 D24S8 D24S16 D32S0 D32S1 D32S4 D32S8 D32S16 D32S0 D32S1 D32S4 D32S8 D32S16 Packed-D24S8 Packed-D32S8 
16:58:03: FBO PF_X8R8G8B8 depth/stencil support: D0S0 D0S1 D0S4 D0S8 D0S16 D16S0 D16S1 D16S4 D16S8 D16S16 D24S0 D24S1 D24S4 D24S8 D24S16 D32S0 D32S1 D32S4 D32S8 D32S16 D32S0 D32S1 D32S4 D32S8 D32S16 Packed-D24S8 Packed-D32S8 
16:58:03: FBO PF_X8B8G8R8 depth/stencil support: D0S0 D0S1 D0S4 D0S8 D0S16 D16S0 D16S1 D16S4 D16S8 D16S16 D24S0 D24S1 D24S4 D24S8 D24S16 D32S0 D32S1 D32S4 D32S8 D32S16 D32S0 D32S1 D32S4 D32S8 D32S16 Packed-D24S8 Packed-D32S8 
16:58:03: FBO PF_R8G8B8A8 depth/stencil support: D0S0 D0S1 D0S4 D0S8 D0S16 D16S0 D16S1 D16S4 D16S8 D16S16 D24S0 D24S1 D24S4 D24S8 D24S16 D32S0 D32S1 D32S4 D32S8 D32S16 D32S0 D32S1 D32S4 D32S8 D32S16 Packed-D24S8 Packed-D32S8 
16:58:03: FBO PF_DEPTH16 depth/stencil support: D0S0 D0S1 D0S4 D0S8 D0S16 D16S0 D16S1 D16S4 D16S8 D16S16 D24S0 D24S1 D24S4 D24S8 D24S16 D32S0 D32S1 D32S4 D32S8 D32S16 D32S0 D32S1 D32S4 D32S8 D32S16 Packed-D24S8 Packed-D32S8 
16:58:03: FBO PF_SHORT_RGBA depth/stencil support: D0S0 D0S1 D0S4 D0S8 D0S16 D16S0 D16S1 D16S4 D16S8 D16S16 D24S0 D24S1 D24S4 D24S8 D24S16 D32S0 D32S1 D32S4 D32S8 D32S16 D32S0 D32S1 D32S4 D32S8 D32S16 Packed-D24S8 Packed-D32S8 
16:58:03: FBO PF_R3G3B2 depth/stencil support: D0S0 D0S1 D0S4 D0S8 D0S16 D16S0 D16S1 D16S4 D16S8 D16S16 D24S0 D24S1 D24S4 D24S8 D24S16 D32S0 D32S1 D32S4 D32S8 D32S16 D32S0 D32S1 D32S4 D32S8 D32S16 Packed-D24S8 Packed-D32S8 
16:58:03: FBO PF_FLOAT16_R depth/stencil support: D0S0 D0S1 D0S4 D0S8 D0S16 D16S0 D16S1 D16S4 D16S8 D16S16 D24S0 D24S1 D24S4 D24S8 D24S16 D32S0 D32S1 D32S4 D32S8 D32S16 D32S0 D32S1 D32S4 D32S8 D32S16 Packed-D24S8 Packed-D32S8 
16:58:03: FBO PF_FLOAT32_R depth/stencil support: D0S0 D0S1 D0S4 D0S8 D0S16 D16S0 D16S1 D16S4 D16S8 D16S16 D24S0 D24S1 D24S4 D24S8 D24S16 D32S0 D32S1 D32S4 D32S8 D32S16 D32S0 D32S1 D32S4 D32S8 D32S16 Packed-D24S8 Packed-D32S8 
16:58:03: FBO PF_SHORT_GR depth/stencil support: D0S0 D0S1 D0S4 D0S8 D0S16 D16S0 D16S1 D16S4 D16S8 D16S16 D24S0 D24S1 D24S4 D24S8 D24S16 D32S0 D32S1 D32S4 D32S8 D32S16 D32S0 D32S1 D32S4 D32S8 D32S16 Packed-D24S8 Packed-D32S8 
16:58:03: FBO PF_FLOAT16_GR depth/stencil support: D0S0 D0S1 D0S4 D0S8 D0S16 D16S0 D16S1 D16S4 D16S8 D16S16 D24S0 D24S1 D24S4 D24S8 D24S16 D32S0 D32S1 D32S4 D32S8 D32S16 D32S0 D32S1 D32S4 D32S8 D32S16 Packed-D24S8 Packed-D32S8 
16:58:03: FBO PF_FLOAT32_GR depth/stencil support: D0S0 D0S1 D0S4 D0S8 D0S16 D16S0 D16S1 D16S4 D16S8 D16S16 D24S0 D24S1 D24S4 D24S8 D24S16 D32S0 D32S1 D32S4 D32S8 D32S16 D32S0 D32S1 D32S4 D32S8 D32S16 Packed-D24S8 Packed-D32S8 
16:58:03: FBO PF_SHORT_RGB depth/stencil support: D0S0 D0S1 D0S4 D0S8 D0S16 D16S0 D16S1 D16S4 D16S8 D16S16 D24S0 D24S1 D24S4 D24S8 D24S16 D32S0 D32S1 D32S4 D32S8 D32S16 D32S0 D32S1 D32S4 D32S8 D32S16 Packed-D24S8 Packed-D32S8 
16:58:03: FBO PF_R11G11B10_FLOAT depth/stencil support: D0S0 D0S1 D0S4 D0S8 D0S16 D16S0 D16S1 D16S4 D16S8 D16S16 D24S0 D24S1 D24S4 D24S8 D24S16 D32S0 D32S1 D32S4 D32S8 D32S16 D32S0 D32S1 D32S4 D32S8 D32S16 Packed-D24S8 Packed-D32S8 
16:58:03: FBO PF_R8_UINT depth/stencil support: D0S0 D0S1 D0S4 D0S8 D0S16 D16S0 D16S1 D16S4 D16S8 D16S16 D24S0 D24S1 D24S4 D24S8 D24S16 D32S0 D32S1 D32S4 D32S8 D32S16 D32S0 D32S1 D32S4 D32S8 D32S16 Packed-D24S8 Packed-D32S8 
16:58:03: FBO PF_R8G8_UINT depth/stencil support: D0S0 D0S1 D0S4 D0S8 D0S16 D16S0 D16S1 D16S4 D16S8 D16S16 D24S0 D24S1 D24S4 D24S8 D24S16 D32S0 D32S1 D32S4 D32S8 D32S16 D32S0 D32S1 D32S4 D32S8 D32S16 Packed-D24S8 Packed-D32S8 
16:58:03: FBO PF_R8G8B8_UINT depth/stencil support: D0S0 D0S1 D0S4 D0S8 D0S16 D16S0 D16S1 D16S4 D16S8 D16S16 D24S0 D24S1 D24S4 D24S8 D24S16 D32S0 D32S1 D32S4 D32S8 D32S16 D32S0 D32S1 D32S4 D32S8 D32S16 Packed-D24S8 Packed-D32S8 
16:58:03: FBO PF_R8G8B8A8_UINT depth/stencil support: D0S0 D0S1 D0S4 D0S8 D0S16 D16S0 D16S1 D16S4 D16S8 D16S16 D24S0 D24S1 D24S4 D24S8 D24S16 D32S0 D32S1 D32S4 D32S8 D32S16 D32S0 D32S1 D32S4 D32S8 D32S16 Packed-D24S8 Packed-D32S8 
16:58:03: FBO PF_R16_UINT depth/stencil support: D0S0 D0S1 D0S4 D0S8 D0S16 D16S0 D16S1 D16S4 D16S8 D16S16 D24S0 D24S1 D24S4 D24S8 D24S16 D32S0 D32S1 D32S4 D32S8 D32S16 D32S0 D32S1 D32S4 D32S8 D32S16 Packed-D24S8 Packed-D32S8 
16:58:03: FBO PF_R16G16_UINT depth/stencil support: D0S0 D0S1 D0S4 D0S8 D0S16 D16S0 D16S1 D16S4 D16S8 D16S16 D24S0 D24S1 D24S4 D24S8 D24S16 D32S0 D32S1 D32S4 D32S8 D32S16 D32S0 D32S1 D32S4 D32S8 D32S16 Packed-D24S8 Packed-D32S8 
16:58:03: FBO PF_R16G16B16_UINT depth/stencil support: D0S0 D0S1 D0S4 D0S8 D0S16 D16S0 D16S1 D16S4 D16S8 D16S16 D24S0 D24S1 D24S4 D24S8 D24S16 D32S0 D32S1 D32S4 D32S8 D32S16 D32S0 D32S1 D32S4 D32S8 D32S16 Packed-D24S8 Packed-D32S8 
16:58:03: FBO PF_R16G16B16A16_UINT depth/stencil support: D0S0 D0S1 D0S4 D0S8 D0S16 D16S0 D16S1 D16S4 D16S8 D16S16 D24S0 D24S1 D24S4 D24S8 D24S16 D32S0 D32S1 D32S4 D32S8 D32S16 D32S0 D32S1 D32S4 D32S8 D32S16 Packed-D24S8 Packed-D32S8 
16:58:03: FBO PF_R32_UINT depth/stencil support: D0S0 D0S1 D0S4 D0S8 D0S16 D16S0 D16S1 D16S4 D16S8 D16S16 D24S0 D24S1 D24S4 D24S8 D24S16 D32S0 D32S1 D32S4 D32S8 D32S16 D32S0 D32S1 D32S4 D32S8 D32S16 Packed-D24S8 Packed-D32S8 
16:58:03: FBO PF_R32G32_UINT depth/stencil support: D0S0 D0S1 D0S4 D0S8 D0S16 D16S0 D16S1 D16S4 D16S8 D16S16 D24S0 D24S1 D24S4 D24S8 D24S16 D32S0 D32S1 D32S4 D32S8 D32S16 D32S0 D32S1 D32S4 D32S8 D32S16 Packed-D24S8 Packed-D32S8 
16:58:03: FBO PF_R32G32B32_UINT depth/stencil support: D0S0 D0S1 D0S4 D0S8 D0S16 D16S0 D16S1 D16S4 D16S8 D16S16 D24S0 D24S1 D24S4 D24S8 D24S16 D32S0 D32S1 D32S4 D32S8 D32S16 D32S0 D32S1 D32S4 D32S8 D32S16 Packed-D24S8 Packed-D32S8 
16:58:03: FBO PF_R32G32B32A32_UINT depth/stencil support: D0S0 D0S1 D0S4 D0S8 D0S16 D16S0 D16S1 D16S4 D16S8 D16S16 D24S0 D24S1 D24S4 D24S8 D24S16 D32S0 D32S1 D32S4 D32S8 D32S16 D32S0 D32S1 D32S4 D32S8 D32S16 Packed-D24S8 Packed-D32S8 
16:58:03: FBO PF_R8_SINT depth/stencil support: D0S0 D0S1 D0S4 D0S8 D0S16 D16S0 D16S1 D16S4 D16S8 D16S16 D24S0 D24S1 D24S4 D24S8 D24S16 D32S0 D32S1 D32S4 D32S8 D32S16 D32S0 D32S1 D32S4 D32S8 D32S16 Packed-D24S8 Packed-D32S8 
16:58:03: FBO PF_R8G8_SINT depth/stencil support: D0S0 D0S1 D0S4 D0S8 D0S16 D16S0 D16S1 D16S4 D16S8 D16S16 D24S0 D24S1 D24S4 D24S8 D24S16 D32S0 D32S1 D32S4 D32S8 D32S16 D32S0 D32S1 D32S4 D32S8 D32S16 Packed-D24S8 Packed-D32S8 
16:58:03: FBO PF_R8G8B8_SINT depth/stencil support: D0S0 D0S1 D0S4 D0S8 D0S16 D16S0 D16S1 D16S4 D16S8 D16S16 D24S0 D24S1 D24S4 D24S8 D24S16 D32S0 D32S1 D32S4 D32S8 D32S16 D32S0 D32S1 D32S4 D32S8 D32S16 Packed-D24S8 Packed-D32S8 
16:58:03: FBO PF_R8G8B8A8_SINT depth/stencil support: D0S0 D0S1 D0S4 D0S8 D0S16 D16S0 D16S1 D16S4 D16S8 D16S16 D24S0 D24S1 D24S4 D24S8 D24S16 D32S0 D32S1 D32S4 D32S8 D32S16 D32S0 D32S1 D32S4 D32S8 D32S16 Packed-D24S8 Packed-D32S8 
16:58:03: FBO PF_R16_SINT depth/stencil support: D0S0 D0S1 D0S4 D0S8 D0S16 D16S0 D16S1 D16S4 D16S8 D16S16 D24S0 D24S1 D24S4 D24S8 D24S16 D32S0 D32S1 D32S4 D32S8 D32S16 D32S0 D32S1 D32S4 D32S8 D32S16 Packed-D24S8 Packed-D32S8 
16:58:03: FBO PF_R16G16_SINT depth/stencil support: D0S0 D0S1 D0S4 D0S8 D0S16 D16S0 D16S1 D16S4 D16S8 D16S16 D24S0 D24S1 D24S4 D24S8 D24S16 D32S0 D32S1 D32S4 D32S8 D32S16 D32S0 D32S1 D32S4 D32S8 D32S16 Packed-D24S8 Packed-D32S8 
16:58:03: FBO PF_R16G16B16_SINT depth/stencil support: D0S0 D0S1 D0S4 D0S8 D0S16 D16S0 D16S1 D16S4 D16S8 D16S16 D24S0 D24S1 D24S4 D24S8 D24S16 D32S0 D32S1 D32S4 D32S8 D32S16 D32S0 D32S1 D32S4 D32S8 D32S16 Packed-D24S8 Packed-D32S8 
16:58:03: FBO PF_R16G16B16A16_SINT depth/stencil support: D0S0 D0S1 D0S4 D0S8 D0S16 D16S0 D16S1 D16S4 D16S8 D16S16 D24S0 D24S1 D24S4 D24S8 D24S16 D32S0 D32S1 D32S4 D32S8 D32S16 D32S0 D32S1 D32S4 D32S8 D32S16 Packed-D24S8 Packed-D32S8 
16:58:03: FBO PF_R32_SINT depth/stencil support: D0S0 D0S1 D0S4 D0S8 D0S16 D16S0 D16S1 D16S4 D16S8 D16S16 D24S0 D24S1 D24S4 D24S8 D24S16 D32S0 D32S1 D32S4 D32S8 D32S16 D32S0 D32S1 D32S4 D32S8 D32S16 Packed-D24S8 Packed-D32S8 
16:58:03: FBO PF_R32G32_SINT depth/stencil support: D0S0 D0S1 D0S4 D0S8 D0S16 D16S0 D16S1 D16S4 D16S8 D16S16 D24S0 D24S1 D24S4 D24S8 D24S16 D32S0 D32S1 D32S4 D32S8 D32S16 D32S0 D32S1 D32S4 D32S8 D32S16 Packed-D24S8 Packed-D32S8 
16:58:03: FBO PF_R32G32B32_SINT depth/stencil support: D0S0 D0S1 D0S4 D0S8 D0S16 D16S0 D16S1 D16S4 D16S8 D16S16 D24S0 D24S1 D24S4 D24S8 D24S16 D32S0 D32S1 D32S4 D32S8 D32S16 D32S0 D32S1 D32S4 D32S8 D32S16 Packed-D24S8 Packed-D32S8 
16:58:03: FBO PF_R32G32B32A32_SINT depth/stencil support: D0S0 D0S1 D0S4 D0S8 D0S16 D16S0 D16S1 D16S4 D16S8 D16S16 D24S0 D24S1 D24S4 D24S8 D24S16 D32S0 D32S1 D32S4 D32S8 D32S16 D32S0 D32S1 D32S4 D32S8 D32S16 Packed-D24S8 Packed-D32S8 
16:58:03: FBO PF_R8 depth/stencil support: D0S0 D0S1 D0S4 D0S8 D0S16 D16S0 D16S1 D16S4 D16S8 D16S16 D24S0 D24S1 D24S4 D24S8 D24S16 D32S0 D32S1 D32S4 D32S8 D32S16 D32S0 D32S1 D32S4 D32S8 D32S16 Packed-D24S8 Packed-D32S8 
16:58:03: FBO PF_R8G8 depth/stencil support: D0S0 D0S1 D0S4 D0S8 D0S16 D16S0 D16S1 D16S4 D16S8 D16S16 D24S0 D24S1 D24S4 D24S8 D24S16 D32S0 D32S1 D32S4 D32S8 D32S16 D32S0 D32S1 D32S4 D32S8 D32S16 Packed-D24S8 Packed-D32S8 
16:58:03: FBO PF_R8_SNORM depth/stencil support: D0S0 D0S1 D0S4 D0S8 D0S16 D16S0 D16S1 D16S4 D16S8 D16S16 D24S0 D24S1 D24S4 D24S8 D24S16 D32S0 D32S1 D32S4 D32S8 D32S16 D32S0 D32S1 D32S4 D32S8 D32S16 Packed-D24S8 Packed-D32S8 
16:58:03: FBO PF_R8G8_SNORM depth/stencil support: D0S0 D0S1 D0S4 D0S8 D0S16 D16S0 D16S1 D16S4 D16S8 D16S16 D24S0 D24S1 D24S4 D24S8 D24S16 D32S0 D32S1 D32S4 D32S8 D32S16 D32S0 D32S1 D32S4 D32S8 D32S16 Packed-D24S8 Packed-D32S8 
16:58:03: FBO PF_R8G8B8_SNORM depth/stencil support: D0S0 D0S1 D0S4 D0S8 D0S16 D16S0 D16S1 D16S4 D16S8 D16S16 D24S0 D24S1 D24S4 D24S8 D24S16 D32S0 D32S1 D32S4 D32S8 D32S16 D32S0 D32S1 D32S4 D32S8 D32S16 Packed-D24S8 Packed-D32S8 
16:58:03: FBO PF_R8G8B8A8_SNORM depth/stencil support: D0S0 D0S1 D0S4 D0S8 D0S16 D16S0 D16S1 D16S4 D16S8 D16S16 D24S0 D24S1 D24S4 D24S8 D24S16 D32S0 D32S1 D32S4 D32S8 D32S16 D32S0 D32S1 D32S4 D32S8 D32S16 Packed-D24S8 Packed-D32S8 
16:58:03: FBO PF_R16_SNORM depth/stencil support: D0S0 D0S1 D0S4 D0S8 D0S16 D16S0 D16S1 D16S4 D16S8 D16S16 D24S0 D24S1 D24S4 D24S8 D24S16 D32S0 D32S1 D32S4 D32S8 D32S16 D32S0 D32S1 D32S4 D32S8 D32S16 Packed-D24S8 Packed-D32S8 
16:58:03: FBO PF_R16G16_SNORM depth/stencil support: D0S0 D0S1 D0S4 D0S8 D0S16 D16S0 D16S1 D16S4 D16S8 D16S16 D24S0 D24S1 D24S4 D24S8 D24S16 D32S0 D32S1 D32S4 D32S8 D32S16 D32S0 D32S1 D32S4 D32S8 D32S16 Packed-D24S8 Packed-D32S8 
16:58:03: FBO PF_R16G16B16_SNORM depth/stencil support: D0S0 D0S1 D0S4 D0S8 D0S16 D16S0 D16S1 D16S4 D16S8 D16S16 D24S0 D24S1 D24S4 D24S8 D24S16 D32S0 D32S1 D32S4 D32S8 D32S16 D32S0 D32S1 D32S4 D32S8 D32S16 Packed-D24S8 Packed-D32S8 
16:58:03: FBO PF_R16G16B16A16_SNORM depth/stencil support: D0S0 D0S1 D0S4 D0S8 D0S16 D16S0 D16S1 D16S4 D16S8 D16S16 D24S0 D24S1 D24S4 D24S8 D24S16 D32S0 D32S1 D32S4 D32S8 D32S16 D32S0 D32S1 D32S4 D32S8 D32S16 Packed-D24S8 Packed-D32S8 
16:58:03: FBO PF_DEPTH32 depth/stencil support: D0S0 D0S1 D0S4 D0S8 D0S16 D16S0 D16S1 D16S4 D16S8 D16S16 D24S0 D24S1 D24S4 D24S8 D24S16 D32S0 D32S1 D32S4 D32S8 D32S16 D32S0 D32S1 D32S4 D32S8 D32S16 Packed-D24S8 Packed-D32S8 
16:58:03: FBO PF_DEPTH32F depth/stencil support: D0S0 D0S1 D0S4 D0S8 D0S16 D16S0 D16S1 D16S4 D16S8 D16S16 D24S0 D24S1 D24S4 D24S8 D24S16 D32S0 D32S1 D32S4 D32S8 D32S16 D32S0 D32S1 D32S4 D32S8 D32S16 Packed-D24S8 Packed-D32S8 
16:58:03: FBO PF_DEPTH24_STENCIL8 depth/stencil support: D0S0 D0S1 D0S4 D0S8 D0S16 D16S0 D16S1 D16S4 D16S8 D16S16 D24S0 D24S1 D24S4 D24S8 D24S16 D32S0 D32S1 D32S4 D32S8 D32S16 D32S0 D32S1 D32S4 D32S8 D32S16 Packed-D24S8 Packed-D32S8 
16:58:03: [GL] : Valid FBO targets PF_UNKNOWN PF_L8 PF_L16 PF_A8 PF_BYTE_LA PF_R5G6B5 PF_B5G6R5 PF_A4R4G4B4 PF_A1R5G5B5 PF_R8G8B8 PF_B8G8R8 PF_A8R8G8B8 PF_A8B8G8R8 PF_B8G8R8A8 PF_A2R10G10B10 PF_A2B10G10R10 PF_FLOAT16_RGB PF_FLOAT16_RGBA PF_FLOAT32_RGB PF_FLOAT32_RGBA PF_X8R8G8B8 PF_X8B8G8R8 PF_R8G8B8A8 PF_DEPTH16 PF_SHORT_RGBA PF_R3G3B2 PF_FLOAT16_R PF_FLOAT32_R PF_SHORT_GR PF_FLOAT16_GR PF_FLOAT32_GR PF_SHORT_RGB PF_R11G11B10_FLOAT PF_R8_UINT PF_R8G8_UINT PF_R8G8B8_UINT PF_R8G8B8A8_UINT PF_R16_UINT PF_R16G16_UINT PF_R16G16B16_UINT PF_R16G16B16A16_UINT PF_R32_UINT PF_R32G32_UINT PF_R32G32B32_UINT PF_R32G32B32A32_UINT PF_R8_SINT PF_R8G8_SINT PF_R8G8B8_SINT PF_R8G8B8A8_SINT PF_R16_SINT PF_R16G16_SINT PF_R16G16B16_SINT PF_R16G16B16A16_SINT PF_R32_SINT PF_R32G32_SINT PF_R32G32B32_SINT PF_R32G32B32A32_SINT PF_R8 PF_R8G8 PF_R8_SNORM PF_R8G8_SNORM PF_R8G8B8_SNORM PF_R8G8B8A8_SNORM PF_R16_SNORM PF_R16G16_SNORM PF_R16G16B16_SNORM PF_R16G16B16A16_SNORM PF_DEPTH32 PF_DEPTH32F PF_DEPTH24_STENCIL8 
16:58:03: Registering ResourceManager for type Texture
16:58:03: RenderSystem capabilities
16:58:03: -------------------------
16:58:03: RenderSystem Name: OpenGL 3+ Rendering Subsystem
16:58:03: GPU Vendor: intel
16:58:03: Device Name: Intel(R) Iris(R) Plus Graphics
16:58:03: Driver Version: 4.6.0.0
16:58:03:  * Fixed function pipeline: no
16:58:03:  * 32-bit index buffers: yes
16:58:03:  * Hardware stencil buffer: yes
16:58:03:    - Two sided stencil support: yes
16:58:03:    - Wrap stencil values: yes
16:58:03:  * Vertex programs: yes
16:58:03:    - Number of constant 4-vectors: 1024
16:58:03:  * Fragment programs: yes
16:58:03:    - Number of constant 4-vectors: 1024
16:58:03:  * Geometry programs: yes
16:58:03:    - Number of constant 4-vectors: 1024
16:58:03:  * Tessellation Hull programs: yes
16:58:03:    - Number of constant 4-vectors: 1024
16:58:03:  * Tessellation Domain programs: yes
16:58:03:    - Number of constant 4-vectors: 1024
16:58:03:  * Compute programs: yes
16:58:03:    - Number of constant 4-vectors: 4096
16:58:03:  * Supported Shader Profiles: gl_spirv glsl glsl130 glsl140 glsl150 glsl330 glsl400 glsl410 glsl420 glsl430 glsl440 glsl450 glsl460
16:58:03:  * Read-back compiled shader: yes
16:58:03:  * Number of vertex attributes: 16
16:58:03:  * Textures
16:58:03:    - Number of texture units: 16
16:58:03:    - Floating point: yes
16:58:03:    - Non-power-of-two: yes
16:58:03:    - 1D textures: yes
16:58:03:    - 2D array textures: yes
16:58:03:    - 3D textures: yes
16:58:03:    - Anisotropic filtering: yes
16:58:03:  * Texture Compression: yes
16:58:03:    - DXT: yes
16:58:03:    - VTC: no
16:58:03:    - PVRTC: no
16:58:03:    - ATC: no
16:58:03:    - ETC1: no
16:58:03:    - ETC2: yes
16:58:03:    - BC4/BC5: yes
16:58:03:    - BC6H/BC7: yes
16:58:03:    - ASTC: yes
16:58:03:    - Automatic mipmap generation: yes
16:58:03:  * Vertex Buffers
16:58:03:    - Render to Vertex Buffer: yes
16:58:03:    - Instance Data: yes
16:58:03:    - Primitive Restart: yes
16:58:03:    - INT_10_10_10_2_NORM element type: yes
16:58:03:  * Vertex texture fetch: yes
16:58:03:    - Max vertex textures: 16
16:58:03:  * Read/Write Buffers: yes
16:58:03:  * Hardware Occlusion Query: yes
16:58:03:  * User clip planes: yes
16:58:03:  * Depth clamping: yes
16:58:03:  * Hardware render-to-texture: yes
16:58:03:    - Multiple Render Targets: 8
16:58:03:  * Point Sprites: yes
16:58:03:    - Extended parameters: yes
16:58:03:    - Max Size: 255
16:58:03:  * Wide Lines: yes
16:58:03:  * Hardware Gamma: yes
16:58:03:  * PBuffer support: no
16:58:03:  * Vertex Array Objects: yes
16:58:03:  * Separate shader objects: yes
16:58:03:    - redeclare GLSL interface block: yes
16:58:03:  * Debugging/ profiling events: yes
16:58:03:  * Map buffer storage: yes
16:58:03: DefaultWorkQueue('Root') initialising on thread 13176.
16:58:03: DefaultWorkQueue('Root')::WorkerFunc - thread 25332 starting.
16:58:03: DefaultWorkQueue('Root')::WorkerFunc - thread 23228 starting.
16:58:03: Particle Renderer Type 'billboard' registered
16:58:03: SceneManagerFactory for type 'BspSceneManager' registered.
16:58:03: SceneManagerFactory for type 'PCZSceneManager' registered.
16:58:03: MovableObjectFactory for type 'PCZLight' registered.
16:58:03: MovableObjectFactory for type 'Portal' registered.
16:58:03: MovableObjectFactory for type 'AntiPortal' registered.
16:58:03: PCZone Factory Type 'ZoneType_Octree' registered
16:58:03: SceneManagerFactory for type 'OctreeSceneManager' registered.
16:58:03: Parsing 'C:\Users\rodoc\HOME\developpement\visual\OgreExperimentations\Debug\resources.cfg'
16:58:03: Creating resource group Essential
16:58:03: Added resource location 'C:/Users/rodoc/HOME/developpement/visual/vcpkg/packages/ogre_x64-windows/share/ogre/Media/packs/SdkTrays.zip' of type 'Zip' to resource group 'Essential'
16:58:03: Added resource location 'C:/Users/rodoc/HOME/developpement/visual/vcpkg/packages/ogre_x64-windows/share/ogre/Media/packs/profiler.zip' of type 'Zip' to resource group 'Essential'
16:58:03: Added resource location 'C:/Users/rodoc/HOME/developpement/visual/OgreExperimentations/Debug/.' of type 'FileSystem' to resource group 'General'
16:58:03: Added resource location 'C:/Users/rodoc/HOME/developpement/visual/vcpkg/packages/ogre_x64-windows/share/ogre/Media/Main' of type 'FileSystem' to resource group 'OgreInternal'
16:58:03: Added resource location 'C:/Users/rodoc/HOME/developpement/visual/vcpkg/packages/ogre_x64-windows/share/ogre/Media/RTShaderLib' of type 'FileSystem' to resource group 'OgreInternal'
16:58:03: Added resource location 'C:/Users/rodoc/HOME/developpement/visual/vcpkg/packages/ogre_x64-windows/share/ogre/Media/Terrain/' of type 'FileSystem' to resource group 'OgreInternal'
16:58:03: Parsing scripts for resource group Essential
16:58:03: Parsing script SdkTrays.material
16:58:03: Parsing script OgreProfiler.material
16:58:03: Parsing script SdkTrays.fontdef
16:58:03: Parsing script SdkTrays.overlay
16:58:03: Texture 'sdk_cursor.png': Loading 1 faces(PF_A8B8G8R8,32x32x1) with 5 hardware generated mipmaps from Image. Internal format is PF_A8B8G8R8,32x32x1.
16:58:03: Texture 'sdk_tray.png': Loading 1 faces(PF_A8B8G8R8,64x64x1) with 6 hardware generated mipmaps from Image. Internal format is PF_A8B8G8R8,64x64x1.
16:58:03: Texture 'sdk_button_up.png': Loading 1 faces(PF_A8B8G8R8,128x32x1) with 7 hardware generated mipmaps from Image. Internal format is PF_A8B8G8R8,128x32x1.
16:58:03: Texture 'sdk_text_box.png': Loading 1 faces(PF_A8B8G8R8,32x32x1) with 5 hardware generated mipmaps from Image. Internal format is PF_A8B8G8R8,32x32x1.
16:58:03: Texture 'sdk_mini_tray.png': Loading 1 faces(PF_A8B8G8R8,32x32x1) with 5 hardware generated mipmaps from Image. Internal format is PF_A8B8G8R8,32x32x1.
16:58:03: Texture 'sdk_track.png': Loading 1 faces(PF_A8B8G8R8,16x32x1) with 5 hardware generated mipmaps from Image. Internal format is PF_A8B8G8R8,16x32x1.
16:58:03: Texture 'sdk_handle.png': Loading 1 faces(PF_A8B8G8R8,16x16x1) with 4 hardware generated mipmaps from Image. Internal format is PF_A8B8G8R8,16x16x1.
16:58:03: Texture 'sdk_mini_text_box.png': Loading 1 faces(PF_A8B8G8R8,32x32x1) with 5 hardware generated mipmaps from Image. Internal format is PF_A8B8G8R8,32x32x1.
16:58:03: Texture 'sdk_label.png': Loading 1 faces(PF_A8B8G8R8,32x32x1) with 5 hardware generated mipmaps from Image. Internal format is PF_A8B8G8R8,32x32x1.
16:58:03: Texture 'sdk_separator.png': Loading 1 faces(PF_A8B8G8R8,64x16x1) with 6 hardware generated mipmaps from Image. Internal format is PF_A8B8G8R8,64x16x1.
16:58:03: Texture 'sdk_logo.png': Loading 1 faces(PF_A8B8G8R8,128x64x1) with 7 hardware generated mipmaps from Image. Internal format is PF_A8B8G8R8,128x64x1.
16:58:03: Texture 'sdk_shade.png': Loading 1 faces(PF_A8B8G8R8,64x48x1) with 6 hardware generated mipmaps from Image. Internal format is PF_A8B8G8R8,64x48x1.
16:58:03: Texture 'sdk_frame.png': Loading 1 faces(PF_A8B8G8R8,32x32x1) with 5 hardware generated mipmaps from Image. Internal format is PF_A8B8G8R8,32x32x1.
16:58:03: Texture 'sdk_mini_text_box_over.png': Loading 1 faces(PF_A8B8G8R8,32x32x1) with 5 hardware generated mipmaps from Image. Internal format is PF_A8B8G8R8,32x32x1.
16:58:03: Texture 'sdk_pulse.png': Loading 1 faces(PF_B8G8R8,8x1x1) with 3 hardware generated mipmaps from Image. Internal format is PF_B8G8R8,8x1x1.
16:58:03: Finished parsing scripts for resource group Essential
16:58:03: Creating resources for group Essential
16:58:03: All done
16:58:03: Parsing scripts for resource group General
16:58:03: Parsing script Material.material
16:58:03: Error: ScriptCompiler - unexpected token in Material.material(26): token "normalise_normals" is not recognized
16:58:03: Error: ScriptCompiler - unexpected token in Material.material(61): token "normalise_normals" is not recognized
16:58:03: Error: ScriptCompiler - unexpected token in Material.material(96): token "normalise_normals" is not recognized
16:58:03: Finished parsing scripts for resource group General
16:58:03: Creating resources for group General
16:58:03: All done
16:58:03: Parsing scripts for resource group OgreAutodetect
16:58:03: Finished parsing scripts for resource group OgreAutodetect
16:58:03: Creating resources for group OgreAutodetect
16:58:03: All done
16:58:03: Parsing scripts for resource group OgreInternal
16:58:03: Parsing script ShadowVolumeExtude.program
16:58:03: 'ShadowBlend.vert' WARNING: 1:1: '' :  #version directive missing
16:58:03: 'ShadowBlend.frag' WARNING: 1:1: '' :  #version directive missing
16:58:03: Parsing script Shadow.material
16:58:03: 'ShadowExtrudeDirLightFinite.vert' WARNING: 1:1: '' :  #version directive missing
16:58:03: 'ShadowExtrudeDirLight.vert' WARNING: 1:1: '' :  #version directive missing
16:58:03: Finished parsing scripts for resource group OgreInternal
16:58:03: Creating resources for group OgreInternal
16:58:03: All done
16:58:03: Texture '2560px-Ogre3d-logo.png': Loading 1 faces(PF_B8G8R8,2560x1178x1) with 11 hardware generated mipmaps from Image. Internal format is PF_B8G8R8,2560x1178x1.
16:58:03: Texture 'nm.png': Loading 6 faces(PF_B8G8R8,128x128x1) with 7 hardware generated mipmaps from multiple Images. Internal format is PF_B8G8R8,128x128x1.
16:58:03: bd5ef26aa5d1ab7adde30637ec071a1f_VS
9527d1fa72071e3871d67cd950bd4fa4_FS
GLSL program pipeline validation result: 
WARNING: 1:1: '' :  #version directive missing
16:58:04: Mesh: Loading Cube.mesh.
16:58:04: a60ac76cc6573ce0748165652ec5211d_VS
c42da128110fadb5410bab585e4f87f8_FS
GLSL program pipeline validation result: 
WARNING: 1:1: '' :  #version directive missing
