03:01:37: Creating resource group General
03:01:37: Creating resource group Internal
03:01:37: Creating resource group Autodetect
03:01:37: Registering ResourceManager for type Mesh
03:01:37: Registering ResourceManager for type Material
03:01:37: Registering ResourceManager for type Skeleton
03:01:37: XMLMeshSerializer reading mesh data from C:\Users\rodoc\Downloads\Chessboard\Cube.001.mesh.xml...
03:01:37: Reading geometry...
03:01:37: Geometry done...
03:01:37: Reading submeshes...
03:01:37: Submeshes done.
03:01:37: Reading mesh names...
03:01:37: Mesh names done.
03:01:37: XMLMeshSerializer import successful.
03:01:37: Reorganising vertex buffers to automatic layout..
03:01:37: MeshSerializer writing mesh data to stream ...
03:01:37: File header written.
03:01:37: Writing mesh data...
03:01:37: Writing submesh...
03:01:37: Exporting submesh texture aliases...
03:01:37: Submesh texture aliases exported.
03:01:37: Submesh exported.
03:01:37: Exporting bounds information....
03:01:37: Bounds information exported.
03:01:37: Exporting submesh name table...
03:01:37: Submesh name table exported.
03:01:37: Mesh data exported.
03:01:37: MeshSerializer export successful.
03:01:37: Unregistering ResourceManager for type Skeleton
03:01:37: Unregistering ResourceManager for type Material
03:01:37: Unregistering ResourceManager for type Mesh
