09:22:21: XMLMeshSerializer reading mesh data from /home/rodoc/develop/projects/OgreExperimentations/resources/Chessboard/ogre/queen_copy14.001.mesh.xml...
09:22:21: Reading geometry...
09:22:21: Geometry done...
09:22:21: Reading submeshes...
09:22:21: Submeshes done.
09:22:21: Reading mesh names...
09:22:21: Mesh names done.
09:22:21: XMLMeshSerializer import successful.
09:22:21: MeshSerializer writing mesh data to stream /home/rodoc/develop/projects/OgreExperimentations/resources/Chessboard/ogre/queen_copy14.001.mesh...
09:22:21: File header written.
09:22:21: Writing mesh data...
09:22:21: Writing submesh...
09:22:21: Submesh exported.
09:22:21: Writing submesh...
09:22:21: Submesh exported.
09:22:21: Exporting bounds information....
09:22:21: Bounds information exported.
09:22:21: Exporting submesh name table...
09:22:21: Submesh name table exported.
09:22:21: Mesh data exported.
09:22:21: MeshSerializer export successful.
